Override ignored for property "DSTAMP"
Override ignored for property "TSTAMP"
Override ignored for property "TODAY"
Build sequence for target(s) `build' is [clean, build]
Complete build sequence is [clean, build, ]

clean:
   [delete] Deleting directory C:\Users\gfuch\Projects\jabacoframework\Framework\bin
   [delete] Deleting directory C:\Users\gfuch\Projects\jabacoframework\Framework\bin
   [delete] Deleting directory C:\Users\gfuch\Projects\jabacoframework\Framework\doc
   [delete] Deleting directory C:\Users\gfuch\Projects\jabacoframework\Framework\doc
clean:  duration 0 seconds

build:
    [mkdir] Skipping C:\Users\gfuch\Projects\jabacoframework\Framework\bin-tmp because it already exists.
    [mkdir] Created dir: C:\Users\gfuch\Projects\jabacoframework\Framework\bin
    [mkdir] Created dir: C:\Users\gfuch\Projects\jabacoframework\Framework\doc
     [echo] Compile the Java sourcefiles in the VBA folder to ./bin-tmp"
    [javac] C:\Users\gfuch\Projects\jabacoframework\Framework\src\LICENSE.txt skipped - don't know how to handle it
    [javac] C:\Users\gfuch\Projects\jabacoframework\Framework\src\MANIFEST skipped - don't know how to handle it
    [javac] VBA\Constants.java omitted as C:\Users\gfuch\Projects\jabacoframework\Framework\bin-tmp\VBA\Constants.class is up to date.
    [javac] VBA\Conversion.java omitted as C:\Users\gfuch\Projects\jabacoframework\Framework\bin-tmp\VBA\Conversion.class is up to date.
    [javac] VBA\Cryptography.java omitted as C:\Users\gfuch\Projects\jabacoframework\Framework\bin-tmp\VBA\Cryptography.class is up to date.
    [javac] VBA\Cursors.java omitted as C:\Users\gfuch\Projects\jabacoframework\Framework\bin-tmp\VBA\Cursors.class is up to date.
    [javac] VBA\DateTime.java omitted as C:\Users\gfuch\Projects\jabacoframework\Framework\bin-tmp\VBA\DateTime.class is up to date.
    [javac] VBA\ErrObject.java omitted as C:\Users\gfuch\Projects\jabacoframework\Framework\bin-tmp\VBA\ErrObject.class is up to date.
    [javac] VBA\ExceptionDialog.java omitted as C:\Users\gfuch\Projects\jabacoframework\Framework\bin-tmp\VBA\ExceptionDialog.class is up to date.
    [javac] VBA\Financial.java omitted as C:\Users\gfuch\Projects\jabacoframework\Framework\bin-tmp\VBA\Financial.class is up to date.
    [javac] VBA\IResource.java omitted as C:\Users\gfuch\Projects\jabacoframework\Framework\bin-tmp\VBA\IResource.class is up to date.
    [javac] VBA\IVBArray.java omitted as C:\Users\gfuch\Projects\jabacoframework\Framework\bin-tmp\VBA\IVBArray.class is up to date.
    [javac] VBA\Information.java omitted as C:\Users\gfuch\Projects\jabacoframework\Framework\bin-tmp\VBA\Information.class is up to date.
    [javac] VBA\Interaction.java omitted as C:\Users\gfuch\Projects\jabacoframework\Framework\bin-tmp\VBA\Interaction.class is up to date.
    [javac] VBA\JabacoEventQueue.java omitted as C:\Users\gfuch\Projects\jabacoframework\Framework\bin-tmp\VBA\JabacoEventQueue.class is up to date.
    [javac] VBA\Math.java omitted as C:\Users\gfuch\Projects\jabacoframework\Framework\bin-tmp\VBA\Math.class is up to date.
    [javac] VBA\MultiLineLabelUI.java omitted as C:\Users\gfuch\Projects\jabacoframework\Framework\bin-tmp\VBA\MultiLineLabelUI.class is up to date.
    [javac] VBA\Strings.java omitted as C:\Users\gfuch\Projects\jabacoframework\Framework\bin-tmp\VBA\Strings.class is up to date.
    [javac] VBA\TabAction.java omitted as C:\Users\gfuch\Projects\jabacoframework\Framework\bin-tmp\VBA\TabAction.class is up to date.
    [javac] VBA\VBAppWinStyle.java omitted as C:\Users\gfuch\Projects\jabacoframework\Framework\bin-tmp\VBA\VBAppWinStyle.class is up to date.
    [javac] VBA\VBArray.java omitted as C:\Users\gfuch\Projects\jabacoframework\Framework\bin-tmp\VBA\VBArray.class is up to date.
    [javac] VBA\VBArrayBoolean.java omitted as C:\Users\gfuch\Projects\jabacoframework\Framework\bin-tmp\VBA\VBArrayBoolean.class is up to date.
    [javac] VBA\VBArrayByte.java omitted as C:\Users\gfuch\Projects\jabacoframework\Framework\bin-tmp\VBA\VBArrayByte.class is up to date.
    [javac] VBA\VBArrayChar.java omitted as C:\Users\gfuch\Projects\jabacoframework\Framework\bin-tmp\VBA\VBArrayChar.class is up to date.
    [javac] VBA\VBArrayDate.java omitted as C:\Users\gfuch\Projects\jabacoframework\Framework\bin-tmp\VBA\VBArrayDate.class is up to date.
    [javac] VBA\VBArrayDouble.java omitted as C:\Users\gfuch\Projects\jabacoframework\Framework\bin-tmp\VBA\VBArrayDouble.class is up to date.
    [javac] VBA\VBArrayInteger.java omitted as C:\Users\gfuch\Projects\jabacoframework\Framework\bin-tmp\VBA\VBArrayInteger.class is up to date.
    [javac] VBA\VBArrayIterator.java omitted as C:\Users\gfuch\Projects\jabacoframework\Framework\bin-tmp\VBA\VBArrayIterator.class is up to date.
    [javac] VBA\VBArrayLong.java omitted as C:\Users\gfuch\Projects\jabacoframework\Framework\bin-tmp\VBA\VBArrayLong.class is up to date.
    [javac] VBA\VBArrayObject.java omitted as C:\Users\gfuch\Projects\jabacoframework\Framework\bin-tmp\VBA\VBArrayObject.class is up to date.
    [javac] VBA\VBArraySingle.java omitted as C:\Users\gfuch\Projects\jabacoframework\Framework\bin-tmp\VBA\VBArraySingle.class is up to date.
    [javac] VBA\VBArrayString.java omitted as C:\Users\gfuch\Projects\jabacoframework\Framework\bin-tmp\VBA\VBArrayString.class is up to date.
    [javac] VBA\VBArrayVariant.java omitted as C:\Users\gfuch\Projects\jabacoframework\Framework\bin-tmp\VBA\VBArrayVariant.class is up to date.
    [javac] VBA\VBCallType.java omitted as C:\Users\gfuch\Projects\jabacoframework\Framework\bin-tmp\VBA\VBCallType.class is up to date.
    [javac] VBA\VBCompareMethod.java omitted as C:\Users\gfuch\Projects\jabacoframework\Framework\bin-tmp\VBA\VBCompareMethod.class is up to date.
    [javac] VBA\VBDateParser.java omitted as C:\Users\gfuch\Projects\jabacoframework\Framework\bin-tmp\VBA\VBDateParser.class is up to date.
    [javac] VBA\VBDayOfWeek.java omitted as C:\Users\gfuch\Projects\jabacoframework\Framework\bin-tmp\VBA\VBDayOfWeek.class is up to date.
    [javac] VBA\VBEnumClass.java omitted as C:\Users\gfuch\Projects\jabacoframework\Framework\bin-tmp\VBA\VBEnumClass.class is up to date.
    [javac] VBA\VBMouseEvent.java omitted as C:\Users\gfuch\Projects\jabacoframework\Framework\bin-tmp\VBA\VBMouseEvent.class is up to date.
    [javac] VBA\VBMsgBoxResult.java omitted as C:\Users\gfuch\Projects\jabacoframework\Framework\bin-tmp\VBA\VBMsgBoxResult.class is up to date.
    [javac] VBA\VBMsgBoxStyle.java omitted as C:\Users\gfuch\Projects\jabacoframework\Framework\bin-tmp\VBA\VBMsgBoxStyle.class is up to date.
    [javac] VBA\VBParamArray.java omitted as C:\Users\gfuch\Projects\jabacoframework\Framework\bin-tmp\VBA\VBParamArray.class is up to date.
    [javac] VBA\VBStrConv.java omitted as C:\Users\gfuch\Projects\jabacoframework\Framework\bin-tmp\VBA\VBStrConv.class is up to date.
    [javac] VBA\VBString.java omitted as C:\Users\gfuch\Projects\jabacoframework\Framework\bin-tmp\VBA\VBString.class is up to date.
    [javac] VBA\VBTypeClass.java omitted as C:\Users\gfuch\Projects\jabacoframework\Framework\bin-tmp\VBA\VBTypeClass.class is up to date.
    [javac] VBA\VBVarType.java omitted as C:\Users\gfuch\Projects\jabacoframework\Framework\bin-tmp\VBA\VBVarType.class is up to date.
    [javac] VBA\VBVariant.java omitted as C:\Users\gfuch\Projects\jabacoframework\Framework\bin-tmp\VBA\VBVariant.class is up to date.
    [javac] C:\Users\gfuch\Projects\jabacoframework\Framework\src\VBA\cursors\about.txt skipped - don't know how to handle it
    [javac] C:\Users\gfuch\Projects\jabacoframework\Framework\src\VBA\cursors\ocr_appstarting.gif skipped - don't know how to handle it
    [javac] C:\Users\gfuch\Projects\jabacoframework\Framework\src\VBA\cursors\ocr_cross.gif skipped - don't know how to handle it
    [javac] C:\Users\gfuch\Projects\jabacoframework\Framework\src\VBA\cursors\ocr_hand.gif skipped - don't know how to handle it
    [javac] C:\Users\gfuch\Projects\jabacoframework\Framework\src\VBA\cursors\ocr_help.gif skipped - don't know how to handle it
    [javac] C:\Users\gfuch\Projects\jabacoframework\Framework\src\VBA\cursors\ocr_ibeam.gif skipped - don't know how to handle it
    [javac] C:\Users\gfuch\Projects\jabacoframework\Framework\src\VBA\cursors\ocr_icon.gif skipped - don't know how to handle it
    [javac] C:\Users\gfuch\Projects\jabacoframework\Framework\src\VBA\cursors\ocr_no.gif skipped - don't know how to handle it
    [javac] C:\Users\gfuch\Projects\jabacoframework\Framework\src\VBA\cursors\ocr_normal.gif skipped - don't know how to handle it
    [javac] C:\Users\gfuch\Projects\jabacoframework\Framework\src\VBA\cursors\ocr_size.gif skipped - don't know how to handle it
    [javac] C:\Users\gfuch\Projects\jabacoframework\Framework\src\VBA\cursors\ocr_sizeall.gif skipped - don't know how to handle it
    [javac] C:\Users\gfuch\Projects\jabacoframework\Framework\src\VBA\cursors\ocr_sizenesw.gif skipped - don't know how to handle it
    [javac] C:\Users\gfuch\Projects\jabacoframework\Framework\src\VBA\cursors\ocr_sizens.gif skipped - don't know how to handle it
    [javac] C:\Users\gfuch\Projects\jabacoframework\Framework\src\VBA\cursors\ocr_sizenwse.gif skipped - don't know how to handle it
    [javac] C:\Users\gfuch\Projects\jabacoframework\Framework\src\VBA\cursors\ocr_sizewe.gif skipped - don't know how to handle it
    [javac] C:\Users\gfuch\Projects\jabacoframework\Framework\src\VBA\cursors\ocr_up.gif skipped - don't know how to handle it
    [javac] C:\Users\gfuch\Projects\jabacoframework\Framework\src\VBA\cursors\ocr_wait.gif skipped - don't know how to handle it
    [javac] C:\Users\gfuch\Projects\jabacoframework\Framework\src\VB\Framework.jba skipped - don't know how to handle it
    [javac] C:\Users\gfuch\Projects\jabacoframework\Framework\src\VB\FrameworkTest.jba skipped - don't know how to handle it
    [javac] C:\Users\gfuch\Projects\jabacoframework\Framework\src\VB\Res\application_link.png skipped - don't know how to handle it
    [javac] C:\Users\gfuch\Projects\jabacoframework\Framework\src\VB\Res\application_put.png skipped - don't know how to handle it
    [javac] C:\Users\gfuch\Projects\jabacoframework\Framework\src\VB\Res\attach.png skipped - don't know how to handle it
    [javac] C:\Users\gfuch\Projects\jabacoframework\Framework\src\VB\Res\frmmain16c2.bmp skipped - don't know how to handle it
    [javac] C:\Users\gfuch\Projects\jabacoframework\Framework\src\VB\Res\frmmain2228.bmp skipped - don't know how to handle it
    [javac] C:\Users\gfuch\Projects\jabacoframework\Framework\src\VB\Res\htmlpage.html skipped - don't know how to handle it
     [copy] META-INF\services\com.eaio.nativecall.Verifier omitted as C:\Users\gfuch\Projects\jabacoframework\Framework\bin-tmp\META-INF\services\com.eaio.nativecall.Verifier is up to date.
     [copy] META-INF\services\javax.swing.LookAndFeel omitted as C:\Users\gfuch\Projects\jabacoframework\Framework\bin-tmp\META-INF\services\javax.swing.LookAndFeel is up to date.
     [copy] NativeCall.dll omitted as C:\Users\gfuch\Projects\jabacoframework\Framework\bin-tmp\NativeCall.dll is up to date.
     [copy] nativeloader-200505172341.jar omitted as C:\Users\gfuch\Projects\jabacoframework\Framework\bin-tmp\nativeloader-200505172341.jar is up to date.
     [copy] net\java\plaf\ClientProperties.class omitted as C:\Users\gfuch\Projects\jabacoframework\Framework\bin-tmp\net\java\plaf\ClientProperties.class is up to date.
     [copy] net\java\plaf\Environment$JavaVersion.class omitted as C:\Users\gfuch\Projects\jabacoframework\Framework\bin-tmp\net\java\plaf\Environment$JavaVersion.class is up to date.
     [copy] net\java\plaf\Environment.class omitted as C:\Users\gfuch\Projects\jabacoframework\Framework\bin-tmp\net\java\plaf\Environment.class is up to date.
     [copy] net\java\plaf\LookAndFeelPatch.class omitted as C:\Users\gfuch\Projects\jabacoframework\Framework\bin-tmp\net\java\plaf\LookAndFeelPatch.class is up to date.
     [copy] net\java\plaf\LookAndFeelPatchManager.class omitted as C:\Users\gfuch\Projects\jabacoframework\Framework\bin-tmp\net\java\plaf\LookAndFeelPatchManager.class is up to date.
     [copy] net\java\plaf\util\FlexibleImageIcon.class omitted as C:\Users\gfuch\Projects\jabacoframework\Framework\bin-tmp\net\java\plaf\util\FlexibleImageIcon.class is up to date.
     [copy] net\java\plaf\util\LookAndFeelUtils.class omitted as C:\Users\gfuch\Projects\jabacoframework\Framework\bin-tmp\net\java\plaf\util\LookAndFeelUtils.class is up to date.
     [copy] net\java\plaf\util\Messages.class omitted as C:\Users\gfuch\Projects\jabacoframework\Framework\bin-tmp\net\java\plaf\util\Messages.class is up to date.
     [copy] net\java\plaf\windows\NativeUtils.class omitted as C:\Users\gfuch\Projects\jabacoframework\Framework\bin-tmp\net\java\plaf\windows\NativeUtils.class is up to date.
     [copy] net\java\plaf\windows\WindowsLookAndFeel$1.class omitted as C:\Users\gfuch\Projects\jabacoframework\Framework\bin-tmp\net\java\plaf\windows\WindowsLookAndFeel$1.class is up to date.
     [copy] net\java\plaf\windows\WindowsLookAndFeel.class omitted as C:\Users\gfuch\Projects\jabacoframework\Framework\bin-tmp\net\java\plaf\windows\WindowsLookAndFeel.class is up to date.
     [copy] net\java\plaf\windows\common\ButtonBarLayout.class omitted as C:\Users\gfuch\Projects\jabacoframework\Framework\bin-tmp\net\java\plaf\windows\common\ButtonBarLayout.class is up to date.
     [copy] net\java\plaf\windows\common\CommonMenuItemUI.class omitted as C:\Users\gfuch\Projects\jabacoframework\Framework\bin-tmp\net\java\plaf\windows\common\CommonMenuItemUI.class is up to date.
     [copy] net\java\plaf\windows\common\CommonResources.properties omitted as C:\Users\gfuch\Projects\jabacoframework\Framework\bin-tmp\net\java\plaf\windows\common\CommonResources.properties is up to date.
     [copy] net\java\plaf\windows\common\CommonResources_de.properties omitted as C:\Users\gfuch\Projects\jabacoframework\Framework\bin-tmp\net\java\plaf\windows\common\CommonResources_de.properties is up to date.
     [copy] net\java\plaf\windows\common\CommonResources_es.properties omitted as C:\Users\gfuch\Projects\jabacoframework\Framework\bin-tmp\net\java\plaf\windows\common\CommonResources_es.properties is up to date.
     [copy] net\java\plaf\windows\common\CommonResources_fr.properties omitted as C:\Users\gfuch\Projects\jabacoframework\Framework\bin-tmp\net\java\plaf\windows\common\CommonResources_fr.properties is up to date.
     [copy] net\java\plaf\windows\common\CommonResources_it.properties omitted as C:\Users\gfuch\Projects\jabacoframework\Framework\bin-tmp\net\java\plaf\windows\common\CommonResources_it.properties is up to date.
     [copy] net\java\plaf\windows\common\FocusDashedBorder.class omitted as C:\Users\gfuch\Projects\jabacoframework\Framework\bin-tmp\net\java\plaf\windows\common\FocusDashedBorder.class is up to date.
     [copy] net\java\plaf\windows\common\IconFactory$1.class omitted as C:\Users\gfuch\Projects\jabacoframework\Framework\bin-tmp\net\java\plaf\windows\common\IconFactory$1.class is up to date.
     [copy] net\java\plaf\windows\common\IconFactory$WindowsCheckBoxMenuItemIcon.class omitted as C:\Users\gfuch\Projects\jabacoframework\Framework\bin-tmp\net\java\plaf\windows\common\IconFactory$WindowsCheckBoxMenuItemIcon.class is up to date.
     [copy] net\java\plaf\windows\common\IconFactory$WindowsMenuArrowIcon.class omitted as C:\Users\gfuch\Projects\jabacoframework\Framework\bin-tmp\net\java\plaf\windows\common\IconFactory$WindowsMenuArrowIcon.class is up to date.
     [copy] net\java\plaf\windows\common\IconFactory$WindowsMenuItemArrowIcon.class omitted as C:\Users\gfuch\Projects\jabacoframework\Framework\bin-tmp\net\java\plaf\windows\common\IconFactory$WindowsMenuItemArrowIcon.class is up to date.
     [copy] net\java\plaf\windows\common\IconFactory$WindowsMenuItemCheckIcon.class omitted as C:\Users\gfuch\Projects\jabacoframework\Framework\bin-tmp\net\java\plaf\windows\common\IconFactory$WindowsMenuItemCheckIcon.class is up to date.
     [copy] net\java\plaf\windows\common\IconFactory$WindowsRadioButtonMenuItemIcon.class omitted as C:\Users\gfuch\Projects\jabacoframework\Framework\bin-tmp\net\java\plaf\windows\common\IconFactory$WindowsRadioButtonMenuItemIcon.class is up to date.
     [copy] net\java\plaf\windows\common\IconFactory.class omitted as C:\Users\gfuch\Projects\jabacoframework\Framework\bin-tmp\net\java\plaf\windows\common\IconFactory.class is up to date.
     [copy] net\java\plaf\windows\common\MenuItemPainter.class omitted as C:\Users\gfuch\Projects\jabacoframework\Framework\bin-tmp\net\java\plaf\windows\common\MenuItemPainter.class is up to date.
     [copy] net\java\plaf\windows\common\TextComponentMenu$1.class omitted as C:\Users\gfuch\Projects\jabacoframework\Framework\bin-tmp\net\java\plaf\windows\common\TextComponentMenu$1.class is up to date.
     [copy] net\java\plaf\windows\common\TextComponentMenu$DelegateAction.class omitted as C:\Users\gfuch\Projects\jabacoframework\Framework\bin-tmp\net\java\plaf\windows\common\TextComponentMenu$DelegateAction.class is up to date.
     [copy] net\java\plaf\windows\common\TextComponentMenu$Listener.class omitted as C:\Users\gfuch\Projects\jabacoframework\Framework\bin-tmp\net\java\plaf\windows\common\TextComponentMenu$Listener.class is up to date.
     [copy] net\java\plaf\windows\common\TextComponentMenu$ResourceConstants.class omitted as C:\Users\gfuch\Projects\jabacoframework\Framework\bin-tmp\net\java\plaf\windows\common\TextComponentMenu$ResourceConstants.class is up to date.
     [copy] net\java\plaf\windows\common\TextComponentMenu$UndoAction.class omitted as C:\Users\gfuch\Projects\jabacoframework\Framework\bin-tmp\net\java\plaf\windows\common\TextComponentMenu$UndoAction.class is up to date.
     [copy] net\java\plaf\windows\common\TextComponentMenu.class omitted as C:\Users\gfuch\Projects\jabacoframework\Framework\bin-tmp\net\java\plaf\windows\common\TextComponentMenu.class is up to date.
     [copy] net\java\plaf\windows\common\WindowsCheckBoxMenuItemUI$XPMouseInputHandler.class omitted as C:\Users\gfuch\Projects\jabacoframework\Framework\bin-tmp\net\java\plaf\windows\common\WindowsCheckBoxMenuItemUI$XPMouseInputHandler.class is up to date.
     [copy] net\java\plaf\windows\common\WindowsCheckBoxMenuItemUI.class omitted as C:\Users\gfuch\Projects\jabacoframework\Framework\bin-tmp\net\java\plaf\windows\common\WindowsCheckBoxMenuItemUI.class is up to date.
     [copy] net\java\plaf\windows\common\WindowsFontPatch.class omitted as C:\Users\gfuch\Projects\jabacoframework\Framework\bin-tmp\net\java\plaf\windows\common\WindowsFontPatch.class is up to date.
     [copy] net\java\plaf\windows\common\WindowsFormattedTextFieldPatch.class omitted as C:\Users\gfuch\Projects\jabacoframework\Framework\bin-tmp\net\java\plaf\windows\common\WindowsFormattedTextFieldPatch.class is up to date.
     [copy] net\java\plaf\windows\common\WindowsFormattedTextFieldUI.class omitted as C:\Users\gfuch\Projects\jabacoframework\Framework\bin-tmp\net\java\plaf\windows\common\WindowsFormattedTextFieldUI.class is up to date.
     [copy] net\java\plaf\windows\common\WindowsListPatch.class omitted as C:\Users\gfuch\Projects\jabacoframework\Framework\bin-tmp\net\java\plaf\windows\common\WindowsListPatch.class is up to date.
     [copy] net\java\plaf\windows\common\WindowsMenuBarPatch.class omitted as C:\Users\gfuch\Projects\jabacoframework\Framework\bin-tmp\net\java\plaf\windows\common\WindowsMenuBarPatch.class is up to date.
     [copy] net\java\plaf\windows\common\WindowsMenuBarUI$MenuLayout.class omitted as C:\Users\gfuch\Projects\jabacoframework\Framework\bin-tmp\net\java\plaf\windows\common\WindowsMenuBarUI$MenuLayout.class is up to date.
     [copy] net\java\plaf\windows\common\WindowsMenuBarUI.class omitted as C:\Users\gfuch\Projects\jabacoframework\Framework\bin-tmp\net\java\plaf\windows\common\WindowsMenuBarUI.class is up to date.
     [copy] net\java\plaf\windows\common\WindowsMenuItemCommonUI.class omitted as C:\Users\gfuch\Projects\jabacoframework\Framework\bin-tmp\net\java\plaf\windows\common\WindowsMenuItemCommonUI.class is up to date.
     [copy] net\java\plaf\windows\common\WindowsMenuItemUI$XPMouseInputHandler.class omitted as C:\Users\gfuch\Projects\jabacoframework\Framework\bin-tmp\net\java\plaf\windows\common\WindowsMenuItemUI$XPMouseInputHandler.class is up to date.
     [copy] net\java\plaf\windows\common\WindowsMenuItemUI.class omitted as C:\Users\gfuch\Projects\jabacoframework\Framework\bin-tmp\net\java\plaf\windows\common\WindowsMenuItemUI.class is up to date.
     [copy] net\java\plaf\windows\common\WindowsMenuPatch.class omitted as C:\Users\gfuch\Projects\jabacoframework\Framework\bin-tmp\net\java\plaf\windows\common\WindowsMenuPatch.class is up to date.
     [copy] net\java\plaf\windows\common\WindowsMenuUI$1.class omitted as C:\Users\gfuch\Projects\jabacoframework\Framework\bin-tmp\net\java\plaf\windows\common\WindowsMenuUI$1.class is up to date.
     [copy] net\java\plaf\windows\common\WindowsMenuUI$FocusHandler.class omitted as C:\Users\gfuch\Projects\jabacoframework\Framework\bin-tmp\net\java\plaf\windows\common\WindowsMenuUI$FocusHandler.class is up to date.
     [copy] net\java\plaf\windows\common\WindowsMenuUI$XPMouseInputHandler.class omitted as C:\Users\gfuch\Projects\jabacoframework\Framework\bin-tmp\net\java\plaf\windows\common\WindowsMenuUI$XPMouseInputHandler.class is up to date.
     [copy] net\java\plaf\windows\common\WindowsMenuUI.class omitted as C:\Users\gfuch\Projects\jabacoframework\Framework\bin-tmp\net\java\plaf\windows\common\WindowsMenuUI.class is up to date.
     [copy] net\java\plaf\windows\common\WindowsOptionPanePatch.class omitted as C:\Users\gfuch\Projects\jabacoframework\Framework\bin-tmp\net\java\plaf\windows\common\WindowsOptionPanePatch.class is up to date.
     [copy] net\java\plaf\windows\common\WindowsOptionPaneUI$MyLayout.class omitted as C:\Users\gfuch\Projects\jabacoframework\Framework\bin-tmp\net\java\plaf\windows\common\WindowsOptionPaneUI$MyLayout.class is up to date.
     [copy] net\java\plaf\windows\common\WindowsOptionPaneUI.class omitted as C:\Users\gfuch\Projects\jabacoframework\Framework\bin-tmp\net\java\plaf\windows\common\WindowsOptionPaneUI.class is up to date.
     [copy] net\java\plaf\windows\common\WindowsPasswordFieldCaret.class omitted as C:\Users\gfuch\Projects\jabacoframework\Framework\bin-tmp\net\java\plaf\windows\common\WindowsPasswordFieldCaret.class is up to date.
     [copy] net\java\plaf\windows\common\WindowsPasswordFieldPatch.class omitted as C:\Users\gfuch\Projects\jabacoframework\Framework\bin-tmp\net\java\plaf\windows\common\WindowsPasswordFieldPatch.class is up to date.
     [copy] net\java\plaf\windows\common\WindowsPasswordFieldUI.class omitted as C:\Users\gfuch\Projects\jabacoframework\Framework\bin-tmp\net\java\plaf\windows\common\WindowsPasswordFieldUI.class is up to date.
     [copy] net\java\plaf\windows\common\WindowsRadioButtonMenuItemUI$XPMouseInputHandler.class omitted as C:\Users\gfuch\Projects\jabacoframework\Framework\bin-tmp\net\java\plaf\windows\common\WindowsRadioButtonMenuItemUI$XPMouseInputHandler.class is up to date.
     [copy] net\java\plaf\windows\common\WindowsRadioButtonMenuItemUI.class omitted as C:\Users\gfuch\Projects\jabacoframework\Framework\bin-tmp\net\java\plaf\windows\common\WindowsRadioButtonMenuItemUI.class is up to date.
     [copy] net\java\plaf\windows\common\WindowsRadioButtonPatch.class omitted as C:\Users\gfuch\Projects\jabacoframework\Framework\bin-tmp\net\java\plaf\windows\common\WindowsRadioButtonPatch.class is up to date.
     [copy] net\java\plaf\windows\common\WindowsRadioButtonUI$1.class omitted as C:\Users\gfuch\Projects\jabacoframework\Framework\bin-tmp\net\java\plaf\windows\common\WindowsRadioButtonUI$1.class is up to date.
     [copy] net\java\plaf\windows\common\WindowsRadioButtonUI$2.class omitted as C:\Users\gfuch\Projects\jabacoframework\Framework\bin-tmp\net\java\plaf\windows\common\WindowsRadioButtonUI$2.class is up to date.
     [copy] net\java\plaf\windows\common\WindowsRadioButtonUI.class omitted as C:\Users\gfuch\Projects\jabacoframework\Framework\bin-tmp\net\java\plaf\windows\common\WindowsRadioButtonUI.class is up to date.
     [copy] net\java\plaf\windows\common\WindowsTableHeaderPatch.class omitted as C:\Users\gfuch\Projects\jabacoframework\Framework\bin-tmp\net\java\plaf\windows\common\WindowsTableHeaderPatch.class is up to date.
     [copy] net\java\plaf\windows\common\WindowsTableHeaderUI$1.class omitted as C:\Users\gfuch\Projects\jabacoframework\Framework\bin-tmp\net\java\plaf\windows\common\WindowsTableHeaderUI$1.class is up to date.
     [copy] net\java\plaf\windows\common\WindowsTableHeaderUI$PatchedTableCellRenderer.class omitted as C:\Users\gfuch\Projects\jabacoframework\Framework\bin-tmp\net\java\plaf\windows\common\WindowsTableHeaderUI$PatchedTableCellRenderer.class is up to date.
     [copy] net\java\plaf\windows\common\WindowsTableHeaderUI.class omitted as C:\Users\gfuch\Projects\jabacoframework\Framework\bin-tmp\net\java\plaf\windows\common\WindowsTableHeaderUI.class is up to date.
     [copy] net\java\plaf\windows\common\WindowsTablePatch.class omitted as C:\Users\gfuch\Projects\jabacoframework\Framework\bin-tmp\net\java\plaf\windows\common\WindowsTablePatch.class is up to date.
     [copy] net\java\plaf\windows\common\WindowsTableUI.class omitted as C:\Users\gfuch\Projects\jabacoframework\Framework\bin-tmp\net\java\plaf\windows\common\WindowsTableUI.class is up to date.
     [copy] net\java\plaf\windows\common\WindowsTextAreaPatch.class omitted as C:\Users\gfuch\Projects\jabacoframework\Framework\bin-tmp\net\java\plaf\windows\common\WindowsTextAreaPatch.class is up to date.
     [copy] net\java\plaf\windows\common\WindowsTextAreaUI.class omitted as C:\Users\gfuch\Projects\jabacoframework\Framework\bin-tmp\net\java\plaf\windows\common\WindowsTextAreaUI.class is up to date.
     [copy] net\java\plaf\windows\common\WindowsTextFieldCaret.class omitted as C:\Users\gfuch\Projects\jabacoframework\Framework\bin-tmp\net\java\plaf\windows\common\WindowsTextFieldCaret.class is up to date.
     [copy] net\java\plaf\windows\common\WindowsTextFieldPatch.class omitted as C:\Users\gfuch\Projects\jabacoframework\Framework\bin-tmp\net\java\plaf\windows\common\WindowsTextFieldPatch.class is up to date.
     [copy] net\java\plaf\windows\common\WindowsTextFieldUI.class omitted as C:\Users\gfuch\Projects\jabacoframework\Framework\bin-tmp\net\java\plaf\windows\common\WindowsTextFieldUI.class is up to date.
     [copy] net\java\plaf\windows\common\WindowsTitledBorderPatch$WindowsTitleBorder.class omitted as C:\Users\gfuch\Projects\jabacoframework\Framework\bin-tmp\net\java\plaf\windows\common\WindowsTitledBorderPatch$WindowsTitleBorder.class is up to date.
     [copy] net\java\plaf\windows\common\WindowsTitledBorderPatch.class omitted as C:\Users\gfuch\Projects\jabacoframework\Framework\bin-tmp\net\java\plaf\windows\common\WindowsTitledBorderPatch.class is up to date.
     [copy] net\java\plaf\windows\common\WindowsTreePatch.class omitted as C:\Users\gfuch\Projects\jabacoframework\Framework\bin-tmp\net\java\plaf\windows\common\WindowsTreePatch.class is up to date.
     [copy] net\java\plaf\windows\common\WindowsTreeUI.class omitted as C:\Users\gfuch\Projects\jabacoframework\Framework\bin-tmp\net\java\plaf\windows\common\WindowsTreeUI.class is up to date.
     [copy] net\java\plaf\windows\common\WindowsViewportPatch.class omitted as C:\Users\gfuch\Projects\jabacoframework\Framework\bin-tmp\net\java\plaf\windows\common\WindowsViewportPatch.class is up to date.
     [copy] net\java\plaf\windows\common\WindowsViewportUI.class omitted as C:\Users\gfuch\Projects\jabacoframework\Framework\bin-tmp\net\java\plaf\windows\common\WindowsViewportUI.class is up to date.
     [copy] net\java\plaf\windows\xp\DefaultListCellRenderer.class omitted as C:\Users\gfuch\Projects\jabacoframework\Framework\bin-tmp\net\java\plaf\windows\xp\DefaultListCellRenderer.class is up to date.
     [copy] net\java\plaf\windows\xp\DefaultTreeCellRenderer.class omitted as C:\Users\gfuch\Projects\jabacoframework\Framework\bin-tmp\net\java\plaf\windows\xp\DefaultTreeCellRenderer.class is up to date.
     [copy] net\java\plaf\windows\xp\XPButtonPatch.class omitted as C:\Users\gfuch\Projects\jabacoframework\Framework\bin-tmp\net\java\plaf\windows\xp\XPButtonPatch.class is up to date.
     [copy] net\java\plaf\windows\xp\XPButtonUI.class omitted as C:\Users\gfuch\Projects\jabacoframework\Framework\bin-tmp\net\java\plaf\windows\xp\XPButtonUI.class is up to date.
     [copy] net\java\plaf\windows\xp\XPComboBoxMarginPatch.class omitted as C:\Users\gfuch\Projects\jabacoframework\Framework\bin-tmp\net\java\plaf\windows\xp\XPComboBoxMarginPatch.class is up to date.
     [copy] net\java\plaf\windows\xp\XPComboBoxUI$1.class omitted as C:\Users\gfuch\Projects\jabacoframework\Framework\bin-tmp\net\java\plaf\windows\xp\XPComboBoxUI$1.class is up to date.
     [copy] net\java\plaf\windows\xp\XPComboBoxUI$XPComboBoxLayoutManager.class omitted as C:\Users\gfuch\Projects\jabacoframework\Framework\bin-tmp\net\java\plaf\windows\xp\XPComboBoxUI$XPComboBoxLayoutManager.class is up to date.
     [copy] net\java\plaf\windows\xp\XPComboBoxUI.class omitted as C:\Users\gfuch\Projects\jabacoframework\Framework\bin-tmp\net\java\plaf\windows\xp\XPComboBoxUI.class is up to date.
     [copy] net\java\plaf\windows\xp\XPIconPatch.class omitted as C:\Users\gfuch\Projects\jabacoframework\Framework\bin-tmp\net\java\plaf\windows\xp\XPIconPatch.class is up to date.
     [copy] net\java\plaf\windows\xp\XPListUI$1.class omitted as C:\Users\gfuch\Projects\jabacoframework\Framework\bin-tmp\net\java\plaf\windows\xp\XPListUI$1.class is up to date.
     [copy] net\java\plaf\windows\xp\XPListUI$ListFocusListener.class omitted as C:\Users\gfuch\Projects\jabacoframework\Framework\bin-tmp\net\java\plaf\windows\xp\XPListUI$ListFocusListener.class is up to date.
     [copy] net\java\plaf\windows\xp\XPListUI.class omitted as C:\Users\gfuch\Projects\jabacoframework\Framework\bin-tmp\net\java\plaf\windows\xp\XPListUI.class is up to date.
     [copy] net\java\plaf\windows\xp\XPMenuItemPatch.class omitted as C:\Users\gfuch\Projects\jabacoframework\Framework\bin-tmp\net\java\plaf\windows\xp\XPMenuItemPatch.class is up to date.
     [copy] net\java\plaf\windows\xp\XPMenuItemUI.class omitted as C:\Users\gfuch\Projects\jabacoframework\Framework\bin-tmp\net\java\plaf\windows\xp\XPMenuItemUI.class is up to date.
     [copy] net\java\plaf\windows\xp\XPMenuPatch.class omitted as C:\Users\gfuch\Projects\jabacoframework\Framework\bin-tmp\net\java\plaf\windows\xp\XPMenuPatch.class is up to date.
     [copy] net\java\plaf\windows\xp\XPMenuUI$1.class omitted as C:\Users\gfuch\Projects\jabacoframework\Framework\bin-tmp\net\java\plaf\windows\xp\XPMenuUI$1.class is up to date.
     [copy] net\java\plaf\windows\xp\XPMenuUI$FocusHandler.class omitted as C:\Users\gfuch\Projects\jabacoframework\Framework\bin-tmp\net\java\plaf\windows\xp\XPMenuUI$FocusHandler.class is up to date.
     [copy] net\java\plaf\windows\xp\XPMenuUI.class omitted as C:\Users\gfuch\Projects\jabacoframework\Framework\bin-tmp\net\java\plaf\windows\xp\XPMenuUI.class is up to date.
     [copy] net\java\plaf\windows\xp\XPPasswordFieldUI.class omitted as C:\Users\gfuch\Projects\jabacoframework\Framework\bin-tmp\net\java\plaf\windows\xp\XPPasswordFieldUI.class is up to date.
     [copy] net\java\plaf\windows\xp\XPPasswordView.class omitted as C:\Users\gfuch\Projects\jabacoframework\Framework\bin-tmp\net\java\plaf\windows\xp\XPPasswordView.class is up to date.
     [copy] net\java\plaf\windows\xp\XPPopupMenuSeparatorUI.class omitted as C:\Users\gfuch\Projects\jabacoframework\Framework\bin-tmp\net\java\plaf\windows\xp\XPPopupMenuSeparatorUI.class is up to date.
     [copy] net\java\plaf\windows\xp\XPResources.properties omitted as C:\Users\gfuch\Projects\jabacoframework\Framework\bin-tmp\net\java\plaf\windows\xp\XPResources.properties is up to date.
     [copy] net\java\plaf\windows\xp\XPResources_de.properties omitted as C:\Users\gfuch\Projects\jabacoframework\Framework\bin-tmp\net\java\plaf\windows\xp\XPResources_de.properties is up to date.
     [copy] net\java\plaf\windows\xp\XPResources_es.properties omitted as C:\Users\gfuch\Projects\jabacoframework\Framework\bin-tmp\net\java\plaf\windows\xp\XPResources_es.properties is up to date.
     [copy] net\java\plaf\windows\xp\XPResources_fr.properties omitted as C:\Users\gfuch\Projects\jabacoframework\Framework\bin-tmp\net\java\plaf\windows\xp\XPResources_fr.properties is up to date.
     [copy] net\java\plaf\windows\xp\XPResources_it.properties omitted as C:\Users\gfuch\Projects\jabacoframework\Framework\bin-tmp\net\java\plaf\windows\xp\XPResources_it.properties is up to date.
     [copy] net\java\plaf\windows\xp\XPScrollBarPatch.class omitted as C:\Users\gfuch\Projects\jabacoframework\Framework\bin-tmp\net\java\plaf\windows\xp\XPScrollBarPatch.class is up to date.
     [copy] net\java\plaf\windows\xp\XPScrollBarUI$1.class omitted as C:\Users\gfuch\Projects\jabacoframework\Framework\bin-tmp\net\java\plaf\windows\xp\XPScrollBarUI$1.class is up to date.
     [copy] net\java\plaf\windows\xp\XPScrollBarUI$ContextMenuListener.class omitted as C:\Users\gfuch\Projects\jabacoframework\Framework\bin-tmp\net\java\plaf\windows\xp\XPScrollBarUI$ContextMenuListener.class is up to date.
     [copy] net\java\plaf\windows\xp\XPScrollBarUI$MessageConstants.class omitted as C:\Users\gfuch\Projects\jabacoframework\Framework\bin-tmp\net\java\plaf\windows\xp\XPScrollBarUI$MessageConstants.class is up to date.
     [copy] net\java\plaf\windows\xp\XPScrollBarUI$PageDecreaseAction.class omitted as C:\Users\gfuch\Projects\jabacoframework\Framework\bin-tmp\net\java\plaf\windows\xp\XPScrollBarUI$PageDecreaseAction.class is up to date.
     [copy] net\java\plaf\windows\xp\XPScrollBarUI$PageIncreaseAction.class omitted as C:\Users\gfuch\Projects\jabacoframework\Framework\bin-tmp\net\java\plaf\windows\xp\XPScrollBarUI$PageIncreaseAction.class is up to date.
     [copy] net\java\plaf\windows\xp\XPScrollBarUI$ScrollDecreaseAction.class omitted as C:\Users\gfuch\Projects\jabacoframework\Framework\bin-tmp\net\java\plaf\windows\xp\XPScrollBarUI$ScrollDecreaseAction.class is up to date.
     [copy] net\java\plaf\windows\xp\XPScrollBarUI$ScrollHereAction.class omitted as C:\Users\gfuch\Projects\jabacoframework\Framework\bin-tmp\net\java\plaf\windows\xp\XPScrollBarUI$ScrollHereAction.class is up to date.
     [copy] net\java\plaf\windows\xp\XPScrollBarUI$ScrollIncreaseAction.class omitted as C:\Users\gfuch\Projects\jabacoframework\Framework\bin-tmp\net\java\plaf\windows\xp\XPScrollBarUI$ScrollIncreaseAction.class is up to date.
     [copy] net\java\plaf\windows\xp\XPScrollBarUI$ScrollToEndAction.class omitted as C:\Users\gfuch\Projects\jabacoframework\Framework\bin-tmp\net\java\plaf\windows\xp\XPScrollBarUI$ScrollToEndAction.class is up to date.
     [copy] net\java\plaf\windows\xp\XPScrollBarUI$ScrollToStartAction.class omitted as C:\Users\gfuch\Projects\jabacoframework\Framework\bin-tmp\net\java\plaf\windows\xp\XPScrollBarUI$ScrollToStartAction.class is up to date.
     [copy] net\java\plaf\windows\xp\XPScrollBarUI.class omitted as C:\Users\gfuch\Projects\jabacoframework\Framework\bin-tmp\net\java\plaf\windows\xp\XPScrollBarUI.class is up to date.
     [copy] net\java\plaf\windows\xp\XPSeparatorUI.class omitted as C:\Users\gfuch\Projects\jabacoframework\Framework\bin-tmp\net\java\plaf\windows\xp\XPSeparatorUI.class is up to date.
     [copy] net\java\plaf\windows\xp\XPTabbedPanePatch.class omitted as C:\Users\gfuch\Projects\jabacoframework\Framework\bin-tmp\net\java\plaf\windows\xp\XPTabbedPanePatch.class is up to date.
     [copy] net\java\plaf\windows\xp\XPTabbedPaneUI$1.class omitted as C:\Users\gfuch\Projects\jabacoframework\Framework\bin-tmp\net\java\plaf\windows\xp\XPTabbedPaneUI$1.class is up to date.
     [copy] net\java\plaf\windows\xp\XPTabbedPaneUI.class omitted as C:\Users\gfuch\Projects\jabacoframework\Framework\bin-tmp\net\java\plaf\windows\xp\XPTabbedPaneUI.class is up to date.
     [copy] net\java\plaf\windows\xp\XPTableHeaderPatch.class omitted as C:\Users\gfuch\Projects\jabacoframework\Framework\bin-tmp\net\java\plaf\windows\xp\XPTableHeaderPatch.class is up to date.
     [copy] net\java\plaf\windows\xp\XPTableHeaderUI$PatchedTableCellRenderer.class omitted as C:\Users\gfuch\Projects\jabacoframework\Framework\bin-tmp\net\java\plaf\windows\xp\XPTableHeaderUI$PatchedTableCellRenderer.class is up to date.
     [copy] net\java\plaf\windows\xp\XPTableHeaderUI.class omitted as C:\Users\gfuch\Projects\jabacoframework\Framework\bin-tmp\net\java\plaf\windows\xp\XPTableHeaderUI.class is up to date.
     [copy] net\java\plaf\windows\xp\XPTextFieldMarginPatch.class omitted as C:\Users\gfuch\Projects\jabacoframework\Framework\bin-tmp\net\java\plaf\windows\xp\XPTextFieldMarginPatch.class is up to date.
     [copy] net\java\plaf\windows\xp\image\msgbox-error-8bit.png omitted as C:\Users\gfuch\Projects\jabacoframework\Framework\bin-tmp\net\java\plaf\windows\xp\image\msgbox-error-8bit.png is up to date.
     [copy] net\java\plaf\windows\xp\image\msgbox-error.png omitted as C:\Users\gfuch\Projects\jabacoframework\Framework\bin-tmp\net\java\plaf\windows\xp\image\msgbox-error.png is up to date.
     [copy] net\java\plaf\windows\xp\image\msgbox-info-8bit.png omitted as C:\Users\gfuch\Projects\jabacoframework\Framework\bin-tmp\net\java\plaf\windows\xp\image\msgbox-info-8bit.png is up to date.
     [copy] net\java\plaf\windows\xp\image\msgbox-info.png omitted as C:\Users\gfuch\Projects\jabacoframework\Framework\bin-tmp\net\java\plaf\windows\xp\image\msgbox-info.png is up to date.
     [copy] net\java\plaf\windows\xp\image\msgbox-warn-8bit.png omitted as C:\Users\gfuch\Projects\jabacoframework\Framework\bin-tmp\net\java\plaf\windows\xp\image\msgbox-warn-8bit.png is up to date.
     [copy] net\java\plaf\windows\xp\image\msgbox-warn.png omitted as C:\Users\gfuch\Projects\jabacoframework\Framework\bin-tmp\net\java\plaf\windows\xp\image\msgbox-warn.png is up to date.
     [copy] net\java\plaf\windows\xp\image\xpfolder-8bit.png omitted as C:\Users\gfuch\Projects\jabacoframework\Framework\bin-tmp\net\java\plaf\windows\xp\image\xpfolder-8bit.png is up to date.
     [copy] net\java\plaf\windows\xp\image\xpfolder-open-8bit.png omitted as C:\Users\gfuch\Projects\jabacoframework\Framework\bin-tmp\net\java\plaf\windows\xp\image\xpfolder-open-8bit.png is up to date.
     [copy] net\java\plaf\windows\xp\image\xpfolder-open.png omitted as C:\Users\gfuch\Projects\jabacoframework\Framework\bin-tmp\net\java\plaf\windows\xp\image\xpfolder-open.png is up to date.
     [copy] net\java\plaf\windows\xp\image\xpfolder.png omitted as C:\Users\gfuch\Projects\jabacoframework\Framework\bin-tmp\net\java\plaf\windows\xp\image\xpfolder.png is up to date.
     [copy] META-INF omitted as C:\Users\gfuch\Projects\jabacoframework\Framework\bin-tmp\META-INF is up to date.
     [copy] META-INF\services omitted as C:\Users\gfuch\Projects\jabacoframework\Framework\bin-tmp\META-INF\services is up to date.
     [copy] net omitted as C:\Users\gfuch\Projects\jabacoframework\Framework\bin-tmp\net is up to date.
     [copy] net\java omitted as C:\Users\gfuch\Projects\jabacoframework\Framework\bin-tmp\net\java is up to date.
     [copy] net\java\plaf omitted as C:\Users\gfuch\Projects\jabacoframework\Framework\bin-tmp\net\java\plaf is up to date.
     [copy] net\java\plaf\util omitted as C:\Users\gfuch\Projects\jabacoframework\Framework\bin-tmp\net\java\plaf\util is up to date.
     [copy] net\java\plaf\windows omitted as C:\Users\gfuch\Projects\jabacoframework\Framework\bin-tmp\net\java\plaf\windows is up to date.
     [copy] net\java\plaf\windows\common omitted as C:\Users\gfuch\Projects\jabacoframework\Framework\bin-tmp\net\java\plaf\windows\common is up to date.
     [copy] net\java\plaf\windows\xp omitted as C:\Users\gfuch\Projects\jabacoframework\Framework\bin-tmp\net\java\plaf\windows\xp is up to date.
     [copy] net\java\plaf\windows\xp\image omitted as C:\Users\gfuch\Projects\jabacoframework\Framework\bin-tmp\net\java\plaf\windows\xp\image is up to date.
     [copy] VBA\cursors\ocr_appstarting.gif omitted as C:\Users\gfuch\Projects\jabacoframework\Framework\bin-tmp\VBA\cursors\ocr_appstarting.gif is up to date.
     [copy] VBA\cursors\ocr_cross.gif omitted as C:\Users\gfuch\Projects\jabacoframework\Framework\bin-tmp\VBA\cursors\ocr_cross.gif is up to date.
     [copy] VBA\cursors\ocr_hand.gif omitted as C:\Users\gfuch\Projects\jabacoframework\Framework\bin-tmp\VBA\cursors\ocr_hand.gif is up to date.
     [copy] VBA\cursors\ocr_help.gif omitted as C:\Users\gfuch\Projects\jabacoframework\Framework\bin-tmp\VBA\cursors\ocr_help.gif is up to date.
     [copy] VBA\cursors\ocr_ibeam.gif omitted as C:\Users\gfuch\Projects\jabacoframework\Framework\bin-tmp\VBA\cursors\ocr_ibeam.gif is up to date.
     [copy] VBA\cursors\ocr_icon.gif omitted as C:\Users\gfuch\Projects\jabacoframework\Framework\bin-tmp\VBA\cursors\ocr_icon.gif is up to date.
     [copy] VBA\cursors\ocr_no.gif omitted as C:\Users\gfuch\Projects\jabacoframework\Framework\bin-tmp\VBA\cursors\ocr_no.gif is up to date.
     [copy] VBA\cursors\ocr_normal.gif omitted as C:\Users\gfuch\Projects\jabacoframework\Framework\bin-tmp\VBA\cursors\ocr_normal.gif is up to date.
     [copy] VBA\cursors\ocr_size.gif omitted as C:\Users\gfuch\Projects\jabacoframework\Framework\bin-tmp\VBA\cursors\ocr_size.gif is up to date.
     [copy] VBA\cursors\ocr_sizeall.gif omitted as C:\Users\gfuch\Projects\jabacoframework\Framework\bin-tmp\VBA\cursors\ocr_sizeall.gif is up to date.
     [copy] VBA\cursors\ocr_sizenesw.gif omitted as C:\Users\gfuch\Projects\jabacoframework\Framework\bin-tmp\VBA\cursors\ocr_sizenesw.gif is up to date.
     [copy] VBA\cursors\ocr_sizens.gif omitted as C:\Users\gfuch\Projects\jabacoframework\Framework\bin-tmp\VBA\cursors\ocr_sizens.gif is up to date.
     [copy] VBA\cursors\ocr_sizenwse.gif omitted as C:\Users\gfuch\Projects\jabacoframework\Framework\bin-tmp\VBA\cursors\ocr_sizenwse.gif is up to date.
     [copy] VBA\cursors\ocr_sizewe.gif omitted as C:\Users\gfuch\Projects\jabacoframework\Framework\bin-tmp\VBA\cursors\ocr_sizewe.gif is up to date.
     [copy] VBA\cursors\ocr_up.gif omitted as C:\Users\gfuch\Projects\jabacoframework\Framework\bin-tmp\VBA\cursors\ocr_up.gif is up to date.
     [copy] VBA\cursors\ocr_wait.gif omitted as C:\Users\gfuch\Projects\jabacoframework\Framework\bin-tmp\VBA\cursors\ocr_wait.gif is up to date.
     [copy] No sources found.
     [echo] Create Jabaco.jar in ./bin
      [jar] Building jar: C:\Users\gfuch\Projects\jabacoframework\Framework\bin\Jabaco.jar
      [jar] adding directory META-INF/
      [jar] adding entry META-INF/MANIFEST.MF
      [jar] adding directory META-INF/services/
      [jar] adding directory VB/
      [jar] adding directory VBA/
      [jar] adding directory VBA/cursors/
      [jar] adding directory net/
      [jar] adding directory net/java/
      [jar] adding directory net/java/plaf/
      [jar] adding directory net/java/plaf/util/
      [jar] adding directory net/java/plaf/windows/
      [jar] adding directory net/java/plaf/windows/common/
      [jar] adding directory net/java/plaf/windows/xp/
      [jar] adding directory net/java/plaf/windows/xp/image/
      [jar] adding entry META-INF/services/com.eaio.nativecall.Verifier
      [jar] adding entry META-INF/services/javax.swing.LookAndFeel
      [jar] adding entry NativeCall.dll
      [jar] adding entry Resources.class
      [jar] adding entry VBA/Constants.class
      [jar] adding entry VBA/Conversion.class
      [jar] adding entry VBA/Cryptography.class
      [jar] adding entry VBA/Cursors.class
      [jar] adding entry VBA/DateTime.class
      [jar] adding entry VBA/ErrObject.class
      [jar] adding entry VBA/ExceptionDialog.class
      [jar] adding entry VBA/Financial.class
      [jar] adding entry VBA/IResource.class
      [jar] adding entry VBA/IVBArray.class
      [jar] adding entry VBA/Information.class
      [jar] adding entry VBA/Interaction.class
      [jar] adding entry VBA/JabacoEventQueue.class
      [jar] adding entry VBA/Math.class
      [jar] adding entry VBA/MultiLineLabelUI.class
      [jar] adding entry VBA/Strings.class
      [jar] adding entry VBA/TabAction$1.class
      [jar] adding entry VBA/TabAction$2.class
      [jar] adding entry VBA/TabAction.class
      [jar] adding entry VBA/VBAppWinStyle.class
      [jar] adding entry VBA/VBArray.class
      [jar] adding entry VBA/VBArrayBoolean.class
      [jar] adding entry VBA/VBArrayByte.class
      [jar] adding entry VBA/VBArrayChar.class
      [jar] adding entry VBA/VBArrayDate.class
      [jar] adding entry VBA/VBArrayDouble.class
      [jar] adding entry VBA/VBArrayInteger.class
      [jar] adding entry VBA/VBArrayIterator.class
      [jar] adding entry VBA/VBArrayLong.class
      [jar] adding entry VBA/VBArrayObject.class
      [jar] adding entry VBA/VBArraySingle.class
      [jar] adding entry VBA/VBArrayString.class
      [jar] adding entry VBA/VBArrayVariant.class
      [jar] adding entry VBA/VBCallType.class
      [jar] adding entry VBA/VBCompareMethod.class
      [jar] adding entry VBA/VBDateParser.class
      [jar] adding entry VBA/VBDateParserState.class
      [jar] adding entry VBA/VBDayOfWeek.class
      [jar] adding entry VBA/VBEnumClass.class
      [jar] adding entry VBA/VBMouseEvent.class
      [jar] adding entry VBA/VBMsgBoxResult.class
      [jar] adding entry VBA/VBMsgBoxStyle.class
      [jar] adding entry VBA/VBParamArray.class
      [jar] adding entry VBA/VBStrConv.class
      [jar] adding entry VBA/VBString.class
      [jar] adding entry VBA/VBTypeClass.class
      [jar] adding entry VBA/VBVarType.class
      [jar] adding entry VBA/VBVariant.class
      [jar] adding entry VBA/cursors/ocr_appstarting.gif
      [jar] adding entry VBA/cursors/ocr_cross.gif
      [jar] adding entry VBA/cursors/ocr_hand.gif
      [jar] adding entry VBA/cursors/ocr_help.gif
      [jar] adding entry VBA/cursors/ocr_ibeam.gif
      [jar] adding entry VBA/cursors/ocr_icon.gif
      [jar] adding entry VBA/cursors/ocr_no.gif
      [jar] adding entry VBA/cursors/ocr_normal.gif
      [jar] adding entry VBA/cursors/ocr_size.gif
      [jar] adding entry VBA/cursors/ocr_sizeall.gif
      [jar] adding entry VBA/cursors/ocr_sizenesw.gif
      [jar] adding entry VBA/cursors/ocr_sizens.gif
      [jar] adding entry VBA/cursors/ocr_sizenwse.gif
      [jar] adding entry VBA/cursors/ocr_sizewe.gif
      [jar] adding entry VBA/cursors/ocr_up.gif
      [jar] adding entry VBA/cursors/ocr_wait.gif
      [jar] adding entry VB/AbstractForm$VBMenuBar.class
      [jar] adding entry VB/AbstractForm$VBToolBar.class
      [jar] adding entry VB/AbstractForm.class
      [jar] adding entry VB/AnchorStyles.class
      [jar] adding entry VB/App.class
      [jar] adding entry VB/Applet$PictureBox.class
      [jar] adding entry VB/Applet$VBMenuBar.class
      [jar] adding entry VB/Applet$VBToolBar.class
      [jar] adding entry VB/Applet.class
      [jar] adding entry VB/BackStyleConstants.class
      [jar] adding entry VB/BorderStyleConstants.class
      [jar] adding entry VB/ButtonConstants.class
      [jar] adding entry VB/CELLEDITTYPE.class
      [jar] adding entry VB/ChangeType.class
      [jar] adding entry VB/CheckBox.class
      [jar] adding entry VB/Collection.class
      [jar] adding entry VB/ColorConstants.class
      [jar] adding entry VB/ComboBox.class
      [jar] adding entry VB/CommandButton.class
      [jar] adding entry VB/CommonDialog.class
      [jar] adding entry VB/Console.class
      [jar] adding entry VB/DataBase.class
      [jar] adding entry VB/Debug.class
      [jar] adding entry VB/Dialog$PictureBox.class
      [jar] adding entry VB/Dialog$VBMenuBar.class
      [jar] adding entry VB/Dialog$VBToolBar.class
      [jar] adding entry VB/Dialog.class
      [jar] adding entry VB/DirListBox$TreeView.class
      [jar] adding entry VB/DirListBox.class
      [jar] adding entry VB/DrawModeConstants.class
      [jar] adding entry VB/ErrorConstants.class
      [jar] adding entry VB/FileListBox.class
      [jar] adding entry VB/FileSystem.class
      [jar] adding entry VB/Form$PictureBox.class
      [jar] adding entry VB/Form.class
      [jar] adding entry VB/FormBorderStyleConstants.class
      [jar] adding entry VB/FormShowConstants.class
      [jar] adding entry VB/FormWindowStateConstants.class
      [jar] adding entry VB/Frame.class
      [jar] adding entry VB/Global.class
      [jar] adding entry VB/IJabacoClass.class
      [jar] adding entry VB/IJabacoContainer.class
      [jar] adding entry VB/IJabacoControl.class
      [jar] adding entry VB/IJabacoForm.class
      [jar] adding entry VB/IListCellDataOwner.class
      [jar] adding entry VB/ILoadAdapter.class
      [jar] adding entry VB/IMenuItem.class
      [jar] adding entry VB/IToolBarItem.class
      [jar] adding entry VB/IWinsockItem.class
      [jar] adding entry VB/JBCLookAndFeel.class
      [jar] adding entry VB/JBCellData.class
      [jar] adding entry VB/JBCellEditor$CheckBox.class
      [jar] adding entry VB/JBCellEditor$ComboBox.class
      [jar] adding entry VB/JBCellEditor$CommandButton.class
      [jar] adding entry VB/JBCellEditor$Spinner.class
      [jar] adding entry VB/JBCellEditor$TextBox.class
      [jar] adding entry VB/JBCellEditor.class
      [jar] adding entry VB/JBCellEditorComponent.class
      [jar] adding entry VB/JBCellRenderer.class
      [jar] adding entry VB/JBComboBoxStyle.class
      [jar] adding entry VB/JBEditable.class
      [jar] adding entry VB/JBGrid.class
      [jar] adding entry VB/JBGridModel.class
      [jar] adding entry VB/JBHeaderRenderer.class
      [jar] adding entry VB/KeyCodeConstants.class
      [jar] adding entry VB/Label.class
      [jar] adding entry VB/LabelEditConstants.class
      [jar] adding entry VB/Line.class
      [jar] adding entry VB/ListBox.class
      [jar] adding entry VB/ListBoxConstants.class
      [jar] adding entry VB/ListBoxModel.class
      [jar] adding entry VB/ListCellData.class
      [jar] adding entry VB/ListCellDataRenderer.class
      [jar] adding entry VB/LoadAdapter.class
      [jar] adding entry VB/MDIChild$PictureBox.class
      [jar] adding entry VB/MDIChild.class
      [jar] adding entry VB/MDIChildFocusHandler.class
      [jar] adding entry VB/MDIForm.class
      [jar] adding entry VB/MODTYPE.class
      [jar] adding entry VB/MouseButtonConstants.class
      [jar] adding entry VB/MousePointerConstants.class
      [jar] adding entry VB/Node.class
      [jar] adding entry VB/Nodes.class
      [jar] adding entry VB/OptionButton.class
      [jar] adding entry VB/OrientationConstants.class
      [jar] adding entry VB/PasswordField.class
      [jar] adding entry VB/PictureBox.class
      [jar] adding entry VB/ProgressBar.class
      [jar] adding entry VB/ProtocolConstants.class
      [jar] adding entry VB/RTFCursorState.class
      [jar] adding entry VB/RTStyle.class
      [jar] adding entry VB/RTTextPane.class
      [jar] adding entry VB/RasterOpConstants.class
      [jar] adding entry VB/RichTextBox$RTTextPane.class
      [jar] adding entry VB/RichTextBox.class
      [jar] adding entry VB/Screen.class
      [jar] adding entry VB/ScrollBar.class
      [jar] adding entry VB/SelectionModeSettings.class
      [jar] adding entry VB/Shape.class
      [jar] adding entry VB/ShapeConstants.class
      [jar] adding entry VB/ShiftConstants.class
      [jar] adding entry VB/Slider.class
      [jar] adding entry VB/Spinner.class
      [jar] adding entry VB/SplitPane.class
      [jar] adding entry VB/StartUpPositionConstants.class
      [jar] adding entry VB/StateConstants.class
      [jar] adding entry VB/SysInfo.class
      [jar] adding entry VB/SystemColorConstants.class
      [jar] adding entry VB/TabStrip.class
      [jar] adding entry VB/Tabs.class
      [jar] adding entry VB/TextBox.class
      [jar] adding entry VB/ThreadAdapter.class
      [jar] adding entry VB/TickStyleConstants.class
      [jar] adding entry VB/Timer.class
      [jar] adding entry VB/ToggleButton.class
      [jar] adding entry VB/TreeIconEnum.class
      [jar] adding entry VB/TreeLineStyleConstants.class
      [jar] adding entry VB/TreeRelationshipConstants.class
      [jar] adding entry VB/TreeStyleConstants.class
      [jar] adding entry VB/TreeView.class
      [jar] adding entry VB/TreeViewEditor.class
      [jar] adding entry VB/TreeViewRenderer.class
      [jar] adding entry VB/Usercontrol.class
      [jar] adding entry VB/VBCheckBoxMenuItem.class
      [jar] adding entry VB/VBClipboard.class
      [jar] adding entry VB/VBControlExtender$Timer.class
      [jar] adding entry VB/VBControlExtender.class
      [jar] adding entry VB/VBFileAccess.class
      [jar] adding entry VB/VBFileHandler.class
      [jar] adding entry VB/VBFileLock.class
      [jar] adding entry VB/VBFileMode.class
      [jar] adding entry VB/VBImage.class
      [jar] adding entry VB/VBMenuBar.class
      [jar] adding entry VB/VBMenuGroup.class
      [jar] adding entry VB/VBMenuItem.class
      [jar] adding entry VB/VBOptionButtonMenuItem.class
      [jar] adding entry VB/VBToolBar.class
      [jar] adding entry VB/VBToolBarItem.class
      [jar] adding entry VB/VbFileAttribute.class
      [jar] adding entry VB/Winsock.class
      [jar] adding entry VB/WinsockItemTCP.class
      [jar] adding entry VB/WinsockItemUDP.class
      [jar] adding entry VB/WinsockSendThread.class
      [jar] adding entry VB/WinsockServer.class
      [jar] adding entry VB/WinsockServerRequest.class
      [jar] adding entry VB/fmBorderStyle.class
      [jar] adding entry VB/fmMultiSelect.class
      [jar] adding entry VB/fmOrientation.class
      [jar] adding entry VB/fmPictureAlignment.class
      [jar] adding entry VB/fmPicturePosition.class
      [jar] adding entry VB/fmSpecialEffect.class
      [jar] adding entry VB/fmSplitOrientation.class
      [jar] adding entry VB/fmTabLayoutType.class
      [jar] adding entry VB/fmTabOrientation.class
      [jar] adding entry VB/fmTextAlign.class
      [jar] adding entry VB/jbAutoResize.class
      [jar] adding entry VB/lstOrientation.class
      [jar] adding entry VB/vbScrollBarPolicy.class
      [jar] adding entry build.log
      [jar] adding entry nativeloader-200505172341.jar
      [jar] adding entry net/java/plaf/ClientProperties.class
      [jar] adding entry net/java/plaf/Environment$JavaVersion.class
      [jar] adding entry net/java/plaf/Environment.class
      [jar] adding entry net/java/plaf/LookAndFeelPatch.class
      [jar] adding entry net/java/plaf/LookAndFeelPatchManager.class
      [jar] adding entry net/java/plaf/util/FlexibleImageIcon.class
      [jar] adding entry net/java/plaf/util/LookAndFeelUtils.class
      [jar] adding entry net/java/plaf/util/Messages.class
      [jar] adding entry net/java/plaf/windows/NativeUtils.class
      [jar] adding entry net/java/plaf/windows/WindowsLookAndFeel$1.class
      [jar] adding entry net/java/plaf/windows/WindowsLookAndFeel.class
      [jar] adding entry net/java/plaf/windows/common/ButtonBarLayout.class
      [jar] adding entry net/java/plaf/windows/common/CommonMenuItemUI.class
      [jar] adding entry net/java/plaf/windows/common/CommonResources.properties
      [jar] adding entry net/java/plaf/windows/common/CommonResources_de.properties
      [jar] adding entry net/java/plaf/windows/common/CommonResources_es.properties
      [jar] adding entry net/java/plaf/windows/common/CommonResources_fr.properties
      [jar] adding entry net/java/plaf/windows/common/CommonResources_it.properties
      [jar] adding entry net/java/plaf/windows/common/FocusDashedBorder.class
      [jar] adding entry net/java/plaf/windows/common/IconFactory$1.class
      [jar] adding entry net/java/plaf/windows/common/IconFactory$WindowsCheckBoxMenuItemIcon.class
      [jar] adding entry net/java/plaf/windows/common/IconFactory$WindowsMenuArrowIcon.class
      [jar] adding entry net/java/plaf/windows/common/IconFactory$WindowsMenuItemArrowIcon.class
      [jar] adding entry net/java/plaf/windows/common/IconFactory$WindowsMenuItemCheckIcon.class
      [jar] adding entry net/java/plaf/windows/common/IconFactory$WindowsRadioButtonMenuItemIcon.class
      [jar] adding entry net/java/plaf/windows/common/IconFactory.class
      [jar] adding entry net/java/plaf/windows/common/MenuItemPainter.class
      [jar] adding entry net/java/plaf/windows/common/TextComponentMenu$1.class
      [jar] adding entry net/java/plaf/windows/common/TextComponentMenu$DelegateAction.class
      [jar] adding entry net/java/plaf/windows/common/TextComponentMenu$Listener.class
      [jar] adding entry net/java/plaf/windows/common/TextComponentMenu$ResourceConstants.class
      [jar] adding entry net/java/plaf/windows/common/TextComponentMenu$UndoAction.class
      [jar] adding entry net/java/plaf/windows/common/TextComponentMenu.class
      [jar] adding entry net/java/plaf/windows/common/WindowsCheckBoxMenuItemUI$XPMouseInputHandler.class
      [jar] adding entry net/java/plaf/windows/common/WindowsCheckBoxMenuItemUI.class
      [jar] adding entry net/java/plaf/windows/common/WindowsFontPatch.class
      [jar] adding entry net/java/plaf/windows/common/WindowsFormattedTextFieldPatch.class
      [jar] adding entry net/java/plaf/windows/common/WindowsFormattedTextFieldUI.class
      [jar] adding entry net/java/plaf/windows/common/WindowsListPatch.class
      [jar] adding entry net/java/plaf/windows/common/WindowsMenuBarPatch.class
      [jar] adding entry net/java/plaf/windows/common/WindowsMenuBarUI$MenuLayout.class
      [jar] adding entry net/java/plaf/windows/common/WindowsMenuBarUI.class
      [jar] adding entry net/java/plaf/windows/common/WindowsMenuItemCommonUI.class
      [jar] adding entry net/java/plaf/windows/common/WindowsMenuItemUI$XPMouseInputHandler.class
      [jar] adding entry net/java/plaf/windows/common/WindowsMenuItemUI.class
      [jar] adding entry net/java/plaf/windows/common/WindowsMenuPatch.class
      [jar] adding entry net/java/plaf/windows/common/WindowsMenuUI$1.class
      [jar] adding entry net/java/plaf/windows/common/WindowsMenuUI$FocusHandler.class
      [jar] adding entry net/java/plaf/windows/common/WindowsMenuUI$XPMouseInputHandler.class
      [jar] adding entry net/java/plaf/windows/common/WindowsMenuUI.class
      [jar] adding entry net/java/plaf/windows/common/WindowsOptionPanePatch.class
      [jar] adding entry net/java/plaf/windows/common/WindowsOptionPaneUI$MyLayout.class
      [jar] adding entry net/java/plaf/windows/common/WindowsOptionPaneUI.class
      [jar] adding entry net/java/plaf/windows/common/WindowsPasswordFieldCaret.class
      [jar] adding entry net/java/plaf/windows/common/WindowsPasswordFieldPatch.class
      [jar] adding entry net/java/plaf/windows/common/WindowsPasswordFieldUI.class
      [jar] adding entry net/java/plaf/windows/common/WindowsRadioButtonMenuItemUI$XPMouseInputHandler.class
      [jar] adding entry net/java/plaf/windows/common/WindowsRadioButtonMenuItemUI.class
      [jar] adding entry net/java/plaf/windows/common/WindowsRadioButtonPatch.class
      [jar] adding entry net/java/plaf/windows/common/WindowsRadioButtonUI$1.class
      [jar] adding entry net/java/plaf/windows/common/WindowsRadioButtonUI$2.class
      [jar] adding entry net/java/plaf/windows/common/WindowsRadioButtonUI.class
      [jar] adding entry net/java/plaf/windows/common/WindowsTableHeaderPatch.class
      [jar] adding entry net/java/plaf/windows/common/WindowsTableHeaderUI$1.class
      [jar] adding entry net/java/plaf/windows/common/WindowsTableHeaderUI$PatchedTableCellRenderer.class
      [jar] adding entry net/java/plaf/windows/common/WindowsTableHeaderUI.class
      [jar] adding entry net/java/plaf/windows/common/WindowsTablePatch.class
      [jar] adding entry net/java/plaf/windows/common/WindowsTableUI.class
      [jar] adding entry net/java/plaf/windows/common/WindowsTextAreaPatch.class
      [jar] adding entry net/java/plaf/windows/common/WindowsTextAreaUI.class
      [jar] adding entry net/java/plaf/windows/common/WindowsTextFieldCaret.class
      [jar] adding entry net/java/plaf/windows/common/WindowsTextFieldPatch.class
      [jar] adding entry net/java/plaf/windows/common/WindowsTextFieldUI.class
      [jar] adding entry net/java/plaf/windows/common/WindowsTitledBorderPatch$WindowsTitleBorder.class
      [jar] adding entry net/java/plaf/windows/common/WindowsTitledBorderPatch.class
      [jar] adding entry net/java/plaf/windows/common/WindowsTreePatch.class
      [jar] adding entry net/java/plaf/windows/common/WindowsTreeUI.class
      [jar] adding entry net/java/plaf/windows/common/WindowsViewportPatch.class
      [jar] adding entry net/java/plaf/windows/common/WindowsViewportUI.class
      [jar] adding entry net/java/plaf/windows/xp/DefaultListCellRenderer.class
      [jar] adding entry net/java/plaf/windows/xp/DefaultTreeCellRenderer.class
      [jar] adding entry net/java/plaf/windows/xp/XPButtonPatch.class
      [jar] adding entry net/java/plaf/windows/xp/XPButtonUI.class
      [jar] adding entry net/java/plaf/windows/xp/XPComboBoxMarginPatch.class
      [jar] adding entry net/java/plaf/windows/xp/XPComboBoxUI$1.class
      [jar] adding entry net/java/plaf/windows/xp/XPComboBoxUI$XPComboBoxLayoutManager.class
      [jar] adding entry net/java/plaf/windows/xp/XPComboBoxUI.class
      [jar] adding entry net/java/plaf/windows/xp/XPIconPatch.class
      [jar] adding entry net/java/plaf/windows/xp/XPListUI$1.class
      [jar] adding entry net/java/plaf/windows/xp/XPListUI$ListFocusListener.class
      [jar] adding entry net/java/plaf/windows/xp/XPListUI.class
      [jar] adding entry net/java/plaf/windows/xp/XPMenuItemPatch.class
      [jar] adding entry net/java/plaf/windows/xp/XPMenuItemUI.class
      [jar] adding entry net/java/plaf/windows/xp/XPMenuPatch.class
      [jar] adding entry net/java/plaf/windows/xp/XPMenuUI$1.class
      [jar] adding entry net/java/plaf/windows/xp/XPMenuUI$FocusHandler.class
      [jar] adding entry net/java/plaf/windows/xp/XPMenuUI.class
      [jar] adding entry net/java/plaf/windows/xp/XPPasswordFieldUI.class
      [jar] adding entry net/java/plaf/windows/xp/XPPasswordView.class
      [jar] adding entry net/java/plaf/windows/xp/XPPopupMenuSeparatorUI.class
      [jar] adding entry net/java/plaf/windows/xp/XPResources.properties
      [jar] adding entry net/java/plaf/windows/xp/XPResources_de.properties
      [jar] adding entry net/java/plaf/windows/xp/XPResources_es.properties
      [jar] adding entry net/java/plaf/windows/xp/XPResources_fr.properties
      [jar] adding entry net/java/plaf/windows/xp/XPResources_it.properties
      [jar] adding entry net/java/plaf/windows/xp/XPScrollBarPatch.class
      [jar] adding entry net/java/plaf/windows/xp/XPScrollBarUI$1.class
      [jar] adding entry net/java/plaf/windows/xp/XPScrollBarUI$ContextMenuListener.class
      [jar] adding entry net/java/plaf/windows/xp/XPScrollBarUI$MessageConstants.class
      [jar] adding entry net/java/plaf/windows/xp/XPScrollBarUI$PageDecreaseAction.class
      [jar] adding entry net/java/plaf/windows/xp/XPScrollBarUI$PageIncreaseAction.class
      [jar] adding entry net/java/plaf/windows/xp/XPScrollBarUI$ScrollDecreaseAction.class
      [jar] adding entry net/java/plaf/windows/xp/XPScrollBarUI$ScrollHereAction.class
      [jar] adding entry net/java/plaf/windows/xp/XPScrollBarUI$ScrollIncreaseAction.class
      [jar] adding entry net/java/plaf/windows/xp/XPScrollBarUI$ScrollToEndAction.class
      [jar] adding entry net/java/plaf/windows/xp/XPScrollBarUI$ScrollToStartAction.class
      [jar] adding entry net/java/plaf/windows/xp/XPScrollBarUI.class
      [jar] adding entry net/java/plaf/windows/xp/XPSeparatorUI.class
      [jar] adding entry net/java/plaf/windows/xp/XPTabbedPanePatch.class
      [jar] adding entry net/java/plaf/windows/xp/XPTabbedPaneUI$1.class
      [jar] adding entry net/java/plaf/windows/xp/XPTabbedPaneUI.class
      [jar] adding entry net/java/plaf/windows/xp/XPTableHeaderPatch.class
      [jar] adding entry net/java/plaf/windows/xp/XPTableHeaderUI$PatchedTableCellRenderer.class
      [jar] adding entry net/java/plaf/windows/xp/XPTableHeaderUI.class
      [jar] adding entry net/java/plaf/windows/xp/XPTextFieldMarginPatch.class
      [jar] adding entry net/java/plaf/windows/xp/image/msgbox-error-8bit.png
      [jar] adding entry net/java/plaf/windows/xp/image/msgbox-error.png
      [jar] adding entry net/java/plaf/windows/xp/image/msgbox-info-8bit.png
      [jar] adding entry net/java/plaf/windows/xp/image/msgbox-info.png
      [jar] adding entry net/java/plaf/windows/xp/image/msgbox-warn-8bit.png
      [jar] adding entry net/java/plaf/windows/xp/image/msgbox-warn.png
      [jar] adding entry net/java/plaf/windows/xp/image/xpfolder-8bit.png
      [jar] adding entry net/java/plaf/windows/xp/image/xpfolder-open-8bit.png
      [jar] adding entry net/java/plaf/windows/xp/image/xpfolder-open.png
      [jar] adding entry net/java/plaf/windows/xp/image/xpfolder.png
      [jar] No Implementation-Title set.No Implementation-Version set.No Implementation-Vendor set.
Location: C:\Users\gfuch\Projects\jabacoframework\Framework\build.xml:131: 
build:  duration 0 seconds
BUILD SUCCESSFUL

BUILD SUCCESSFUL
